{"numTotalTestSuites":41,"numPassedTestSuites":35,"numFailedTestSuites":6,"numPendingTestSuites":0,"numTotalTests":143,"numPassedTests":133,"numFailedTests":10,"numPendingTests":0,"numTodoTests":0,"snapshot":{"added":0,"failure":false,"filesAdded":0,"filesRemoved":0,"filesRemovedList":[],"filesUnmatched":0,"filesUpdated":0,"matched":0,"total":0,"unchecked":0,"uncheckedKeysByFile":[],"unmatched":0,"updated":0,"didUpdate":false},"startTime":1768536675935,"success":false,"testResults":[{"assertionResults":[{"ancestorTitles":["applyRoute"],"fullName":"applyRoute basenameを持つパスを正しく処理すること","status":"passed","title":"basenameを持つパスを正しく処理すること","duration":11.1083000000001,"failureMessages":[],"meta":{}},{"ancestorTitles":["applyRoute"],"fullName":"applyRoute basenameなしのパスを正しく処理すること","status":"passed","title":"basenameなしのパスを正しく処理すること","duration":2.3187000000000353,"failureMessages":[],"meta":{}},{"ancestorTitles":["applyRoute"],"fullName":"applyRoute マッチするルートがない場合にエラーをthrowすること","status":"passed","title":"マッチするルートがない場合にエラーをthrowすること","duration":3.0513999999998305,"failureMessages":[],"meta":{}},{"ancestorTitles":["applyRoute"],"fullName":"applyRoute showRouteContent成功後にrouterとoutletの状態を更新すること","status":"passed","title":"showRouteContent成功後にrouterとoutletの状態を更新すること","duration":1.6169999999999618,"failureMessages":[],"meta":{}},{"ancestorTitles":["applyRoute"],"fullName":"applyRoute showRouteContentがエラーをthrowしても例外処理すること","status":"passed","title":"showRouteContentがエラーをthrowしても例外処理すること","duration":1.5481999999999516,"failureMessages":[],"meta":{}},{"ancestorTitles":["applyRoute"],"fullName":"applyRoute lastPathを正しく設定すること","status":"passed","title":"lastPathを正しく設定すること","duration":1.0095000000001164,"failureMessages":[],"meta":{}},{"ancestorTitles":["applyRoute"],"fullName":"applyRoute outlet.lastRoutesを使用してshowRouteContentを呼び出すこと","status":"passed","title":"outlet.lastRoutesを使用してshowRouteContentを呼び出すこと","duration":1.4294999999999618,"failureMessages":[],"meta":{}},{"ancestorTitles":["applyRoute"],"fullName":"applyRoute basenameで始まらないパスをそのまま使用すること","status":"passed","title":"basenameで始まらないパスをそのまま使用すること","duration":1,"failureMessages":[],"meta":{}}],"startTime":1768536677267,"endTime":1768536677291,"status":"passed","message":"","name":"D:/git/wc-router/wc-router/packages/core/__tests__/applyRoute.test.ts"},{"assertionResults":[{"ancestorTitles":["assignParams"],"fullName":"assignParams data-bind=\"\" の場合、プロパティに直接割り当てること","status":"passed","title":"data-bind=\"\" の場合、プロパティに直接割り当てること","duration":2.9891999999999825,"failureMessages":[],"meta":{}},{"ancestorTitles":["assignParams"],"fullName":"assignParams data-bind=\"attr\" の場合、属性として割り当てること","status":"passed","title":"data-bind=\"attr\" の場合、属性として割り当てること","duration":0.5050999999998567,"failureMessages":[],"meta":{}},{"ancestorTitles":["assignParams"],"fullName":"assignParams data-bind=\"props\" の場合、propsオブジェクトに割り当てること","status":"passed","title":"data-bind=\"props\" の場合、propsオブジェクトに割り当てること","duration":0.3768999999999778,"failureMessages":[],"meta":{}},{"ancestorTitles":["assignParams"],"fullName":"assignParams data-bind=\"states\" の場合、statesオブジェクトに割り当てること","status":"passed","title":"data-bind=\"states\" の場合、statesオブジェクトに割り当てること","duration":0.32950000000005275,"failureMessages":[],"meta":{}},{"ancestorTitles":["assignParams"],"fullName":"assignParams data-bind属性がない場合、エラーをthrowすること","status":"passed","title":"data-bind属性がない場合、エラーをthrowすること","duration":1.119899999999916,"failureMessages":[],"meta":{}},{"ancestorTitles":["assignParams"],"fullName":"assignParams 無効なdata-bind値の場合、エラーをthrowすること","status":"passed","title":"無効なdata-bind値の場合、エラーをthrowすること","duration":0.42409999999995307,"failureMessages":[],"meta":{}},{"ancestorTitles":["assignParams"],"fullName":"assignParams 複数のパラメータを一度に割り当てられること","status":"passed","title":"複数のパラメータを一度に割り当てられること","duration":0.45019999999999527,"failureMessages":[],"meta":{}}],"startTime":1768536677176,"endTime":1768536677182.4502,"status":"passed","message":"","name":"D:/git/wc-router/wc-router/packages/core/__tests__/assignParams.test.ts"},{"assertionResults":[{"ancestorTitles":["config"],"fullName":"config 設定オブジェクトが存在すること","status":"passed","title":"設定オブジェクトが存在すること","duration":2.029199999999946,"failureMessages":[],"meta":{}},{"ancestorTitles":["config"],"fullName":"config tagNamesプロパティを持つこと","status":"passed","title":"tagNamesプロパティを持つこと","duration":0.24250000000006366,"failureMessages":[],"meta":{}},{"ancestorTitles":["config"],"fullName":"config すべてのタグ名が定義されていること","status":"passed","title":"すべてのタグ名が定義されていること","duration":0.28899999999998727,"failureMessages":[],"meta":{}},{"ancestorTitles":["config"],"fullName":"config enableShadowRoot設定が存在すること","status":"passed","title":"enableShadowRoot設定が存在すること","duration":0.19399999999995998,"failureMessages":[],"meta":{}}],"startTime":1768536677147,"endTime":1768536677150.194,"status":"passed","message":"","name":"D:/git/wc-router/wc-router/packages/core/__tests__/config.test.ts"},{"assertionResults":[{"ancestorTitles":["getUUID"],"fullName":"getUUID UUIDを生成できること","status":"passed","title":"UUIDを生成できること","duration":3.094899999999825,"failureMessages":[],"meta":{}},{"ancestorTitles":["getUUID"],"fullName":"getUUID 毎回異なるUUIDを生成すること","status":"passed","title":"毎回異なるUUIDを生成すること","duration":1.5439000000001215,"failureMessages":[],"meta":{}}],"startTime":1768536677164,"endTime":1768536677168.544,"status":"passed","message":"","name":"D:/git/wc-router/wc-router/packages/core/__tests__/getUUID.test.ts"},{"assertionResults":[{"ancestorTitles":["GuardCancel"],"fullName":"GuardCancel GuardCancelクラスが存在すること","status":"passed","title":"GuardCancelクラスが存在すること","duration":2.0149999999998727,"failureMessages":[],"meta":{}},{"ancestorTitles":["GuardCancel"],"fullName":"GuardCancel Errorクラスを継承していること","status":"passed","title":"Errorクラスを継承していること","duration":0.5007000000000517,"failureMessages":[],"meta":{}},{"ancestorTitles":["GuardCancel"],"fullName":"GuardCancel メッセージとfallbackPathを持つインスタンスを作成できること","status":"passed","title":"メッセージとfallbackPathを持つインスタンスを作成できること","duration":0.22839999999996508,"failureMessages":[],"meta":{}},{"ancestorTitles":["GuardCancel"],"fullName":"GuardCancel 異なるfallbackPathを設定できること","status":"passed","title":"異なるfallbackPathを設定できること","duration":0.23850000000015825,"failureMessages":[],"meta":{}},{"ancestorTitles":["GuardCancel"],"fullName":"GuardCancel エラーとしてthrowできること","status":"passed","title":"エラーとしてthrowできること","duration":0.48060000000009495,"failureMessages":[],"meta":{}},{"ancestorTitles":["GuardCancel"],"fullName":"GuardCancel throwしたGuardCancelをcatchで受け取れること","status":"passed","title":"throwしたGuardCancelをcatchで受け取れること","duration":0.2963999999999487,"failureMessages":[],"meta":{}}],"startTime":1768536677175,"endTime":1768536677179.2964,"status":"passed","message":"","name":"D:/git/wc-router/wc-router/packages/core/__tests__/GuardCancel.test.ts"},{"assertionResults":[{"ancestorTitles":["Layout"],"fullName":"Layout Layoutクラスが存在すること","status":"passed","title":"Layoutクラスが存在すること","duration":3.046000000000049,"failureMessages":[],"meta":{}},{"ancestorTitles":["Layout"],"fullName":"Layout HTMLElementを継承していること","status":"passed","title":"HTMLElementを継承していること","duration":0.6241999999999734,"failureMessages":[],"meta":{}},{"ancestorTitles":["Layout"],"fullName":"Layout インスタンスを作成できること","status":"passed","title":"インスタンスを作成できること","duration":1.421400000000176,"failureMessages":[],"meta":{}},{"ancestorTitles":["Layout"],"fullName":"Layout name属性を取得できること","status":"passed","title":"name属性を取得できること","duration":3.5153999999999996,"failureMessages":[],"meta":{}},{"ancestorTitles":["Layout"],"fullName":"Layout name属性がない場合は空文字列を返すこと","status":"passed","title":"name属性がない場合は空文字列を返すこと","duration":0.2321999999999207,"failureMessages":[],"meta":{}},{"ancestorTitles":["Layout"],"fullName":"Layout uuid プロパティを持つこと","status":"passed","title":"uuid プロパティを持つこと","duration":0.338799999999992,"failureMessages":[],"meta":{}},{"ancestorTitles":["Layout"],"fullName":"Layout 異なるインスタンスは異なるuuidを持つこと","status":"passed","title":"異なるインスタンスは異なるuuidを持つこと","duration":0.723700000000008,"failureMessages":[],"meta":{}},{"ancestorTitles":["Layout"],"fullName":"Layout enableShadowRoot属性がenable-shadow-root指定時にtrueを返すこと","status":"passed","title":"enableShadowRoot属性がenable-shadow-root指定時にtrueを返すこと","duration":0.3362000000001899,"failureMessages":[],"meta":{}},{"ancestorTitles":["Layout"],"fullName":"Layout enableShadowRoot属性がdisable-shadow-root指定時にfalseを返すこと","status":"passed","title":"enableShadowRoot属性がdisable-shadow-root指定時にfalseを返すこと","duration":0.197400000000016,"failureMessages":[],"meta":{}},{"ancestorTitles":["Layout"],"fullName":"Layout enableShadowRoot属性が未指定時にconfig.enableShadowRootを返すこと","status":"passed","title":"enableShadowRoot属性が未指定時にconfig.enableShadowRootを返すこと","duration":0.14249999999992724,"failureMessages":[],"meta":{}},{"ancestorTitles":["Layout","loadTemplate"],"fullName":"Layout loadTemplate layout属性でドキュメントからテンプレートを読み込めること","status":"passed","title":"layout属性でドキュメントからテンプレートを読み込めること","duration":1.979899999999816,"failureMessages":[],"meta":{}},{"ancestorTitles":["Layout","loadTemplate"],"fullName":"Layout loadTemplate layout属性でHTMLElement(非template)からテンプレートを読み込めないこと","status":"passed","title":"layout属性でHTMLElement(非template)からテンプレートを読み込めないこと","duration":3.486499999999978,"failureMessages":[],"meta":{}},{"ancestorTitles":["Layout","loadTemplate"],"fullName":"Layout loadTemplate 存在しないlayout IDの場合に警告を出すこと","status":"passed","title":"存在しないlayout IDの場合に警告を出すこと","duration":0.7618999999999687,"failureMessages":[],"meta":{}},{"ancestorTitles":["Layout","loadTemplate"],"fullName":"Layout loadTemplate src属性でテンプレートをフェッチできること","status":"passed","title":"src属性でテンプレートをフェッチできること","duration":1.8770999999999276,"failureMessages":[],"meta":{}},{"ancestorTitles":["Layout","loadTemplate"],"fullName":"Layout loadTemplate キャッシュがある場合はフェッチせずキャッシュを使うこと","status":"passed","title":"キャッシュがある場合はフェッチせずキャッシュを使うこと","duration":1.0530999999998585,"failureMessages":[],"meta":{}},{"ancestorTitles":["Layout","loadTemplate"],"fullName":"Layout loadTemplate フェッチに失敗した場合にエラーを投げること","status":"passed","title":"フェッチに失敗した場合にエラーを投げること","duration":1.990199999999959,"failureMessages":[],"meta":{}},{"ancestorTitles":["Layout","loadTemplate"],"fullName":"Layout loadTemplate ネットワークエラーの場合にエラーを投げること","status":"passed","title":"ネットワークエラーの場合にエラーを投げること","duration":0.9940999999998894,"failureMessages":[],"meta":{}},{"ancestorTitles":["Layout","loadTemplate"],"fullName":"Layout loadTemplate srcとlayout両方が指定された場合に警告を出すこと","status":"passed","title":"srcとlayout両方が指定された場合に警告を出すこと","duration":1.115099999999984,"failureMessages":[],"meta":{}},{"ancestorTitles":["Layout","loadTemplate"],"fullName":"Layout loadTemplate srcとlayout未指定の場合は空のテンプレートを返すこと","status":"passed","title":"srcとlayout未指定の場合は空のテンプレートを返すこと","duration":0.26289999999994507,"failureMessages":[],"meta":{}},{"ancestorTitles":["Layout","loadTemplate"],"fullName":"Layout loadTemplate フェッチしたコンテンツが空の場合も正しく処理できること","status":"passed","title":"フェッチしたコンテンツが空の場合も正しく処理できること","duration":0.6644000000001142,"failureMessages":[],"meta":{}},{"ancestorTitles":["Layout","loadTemplate"],"fullName":"Layout loadTemplate キャッシュにundefinedが含まれる場合のフォールバック処理","status":"passed","title":"キャッシュにundefinedが含まれる場合のフォールバック処理","duration":1.1798000000001139,"failureMessages":[],"meta":{}}],"startTime":1768536677236,"endTime":1768536677262.1797,"status":"passed","message":"","name":"D:/git/wc-router/wc-router/packages/core/__tests__/Layout.test.ts"},{"assertionResults":[{"ancestorTitles":["LayoutOutlet"],"fullName":"LayoutOutlet LayoutOutletクラスが存在すること","status":"passed","title":"LayoutOutletクラスが存在すること","duration":2.781800000000203,"failureMessages":[],"meta":{}},{"ancestorTitles":["LayoutOutlet"],"fullName":"LayoutOutlet HTMLElementを継承していること","status":"passed","title":"HTMLElementを継承していること","duration":0.8612000000000535,"failureMessages":[],"meta":{}},{"ancestorTitles":["LayoutOutlet"],"fullName":"LayoutOutlet インスタンスを作成できること","status":"passed","title":"インスタンスを作成できること","duration":1.1057000000000698,"failureMessages":[],"meta":{}},{"ancestorTitles":["LayoutOutlet","createLayoutOutlet"],"fullName":"LayoutOutlet createLayoutOutlet createLayoutOutlet関数でインスタンスを作成できること","status":"passed","title":"createLayoutOutlet関数でインスタンスを作成できること","duration":0.4984999999999218,"failureMessages":[],"meta":{}},{"ancestorTitles":["LayoutOutlet","layout プロパティ"],"fullName":"LayoutOutlet layout プロパティ layoutが設定されていない場合にエラーを投げること","status":"passed","title":"layoutが設定されていない場合にエラーを投げること","duration":1.7170000000000982,"failureMessages":[],"meta":{}},{"ancestorTitles":["LayoutOutlet","layout プロパティ"],"fullName":"LayoutOutlet layout プロパティ layoutを設定できること","status":"passed","title":"layoutを設定できること","duration":2.995200000000068,"failureMessages":[],"meta":{}},{"ancestorTitles":["LayoutOutlet","layout プロパティ"],"fullName":"LayoutOutlet layout プロパティ nameプロパティがlayout.nameを返すこと","status":"passed","title":"nameプロパティがlayout.nameを返すこと","duration":0.7830000000001291,"failureMessages":[],"meta":{}},{"ancestorTitles":["LayoutOutlet","connectedCallback と _initialize"],"fullName":"LayoutOutlet connectedCallback と _initialize shadowRootが有効な場合にshadowRootを作成すること","status":"passed","title":"shadowRootが有効な場合にshadowRootを作成すること","duration":5.6129000000000815,"failureMessages":[],"meta":{}},{"ancestorTitles":["LayoutOutlet","connectedCallback と _initialize"],"fullName":"LayoutOutlet connectedCallback と _initialize shadowRootが無効な場合は通常のDOMとして追加されること","status":"passed","title":"shadowRootが無効な場合は通常のDOMとして追加されること","duration":3.654899999999998,"failureMessages":[],"meta":{}},{"ancestorTitles":["LayoutOutlet","connectedCallback と _initialize"],"fullName":"LayoutOutlet connectedCallback と _initialize shadowRoot使用時にlayout.childNodesを追加すること","status":"passed","title":"shadowRoot使用時にlayout.childNodesを追加すること","duration":4.16619999999989,"failureMessages":[],"meta":{}},{"ancestorTitles":["LayoutOutlet","connectedCallback と _initialize"],"fullName":"LayoutOutlet connectedCallback と _initialize 名前付きslotを正しく処理すること","status":"passed","title":"名前付きslotを正しく処理すること","duration":3.558599999999842,"failureMessages":[],"meta":{}},{"ancestorTitles":["LayoutOutlet","connectedCallback と _initialize"],"fullName":"LayoutOutlet connectedCallback と _initialize デフォルトslotに要素を配置すること","status":"passed","title":"デフォルトslotに要素を配置すること","duration":9.063400000000001,"failureMessages":[],"meta":{}},{"ancestorTitles":["LayoutOutlet","connectedCallback と _initialize"],"fullName":"LayoutOutlet connectedCallback と _initialize 重複するslot名に対して警告を出すこと","status":"passed","title":"重複するslot名に対して警告を出すこと","duration":5.604400000000169,"failureMessages":[],"meta":{}},{"ancestorTitles":["LayoutOutlet","connectedCallback と _initialize"],"fullName":"LayoutOutlet connectedCallback と _initialize slot属性がない要素はデフォルトslotに配置されること","status":"passed","title":"slot属性がない要素はデフォルトslotに配置されること","duration":10.000700000000052,"failureMessages":[],"meta":{}},{"ancestorTitles":["LayoutOutlet","connectedCallback と _initialize"],"fullName":"LayoutOutlet connectedCallback と _initialize 非Element childNodeも処理できること","status":"passed","title":"非Element childNodeも処理できること","duration":15.640699999999924,"failureMessages":[],"meta":{}},{"ancestorTitles":["LayoutOutlet","connectedCallback と _initialize"],"fullName":"LayoutOutlet connectedCallback と _initialize _initializeは一度だけ実行されること","status":"passed","title":"_initializeは一度だけ実行されること","duration":16.03949999999986,"failureMessages":[],"meta":{}},{"ancestorTitles":["LayoutOutlet","assignParams"],"fullName":"LayoutOutlet assignParams 子要素のdata-bind属性にパラメータを割り当てること","status":"passed","title":"子要素のdata-bind属性にパラメータを割り当てること","duration":7.467899999999872,"failureMessages":[],"meta":{}},{"ancestorTitles":["LayoutOutlet","assignParams"],"fullName":"LayoutOutlet assignParams 孫要素のdata-bind属性にもパラメータを割り当てること","status":"passed","title":"孫要素のdata-bind属性にもパラメータを割り当てること","duration":6.357699999999795,"failureMessages":[],"meta":{}},{"ancestorTitles":["LayoutOutlet","assignParams"],"fullName":"LayoutOutlet assignParams 非Element childNodeに対してはassignParamsをスキップすること","status":"passed","title":"非Element childNodeに対してはassignParamsをスキップすること","duration":14.84010000000012,"failureMessages":[],"meta":{}}],"startTime":1768536677267,"endTime":1768536677380.84,"status":"passed","message":"","name":"D:/git/wc-router/wc-router/packages/core/__tests__/LayoutOutlet.test.ts"},{"assertionResults":[{"ancestorTitles":["Link"],"fullName":"Link Linkクラスが存在すること","status":"passed","title":"Linkクラスが存在すること","duration":3.051200000000108,"failureMessages":[],"meta":{}},{"ancestorTitles":["Link"],"fullName":"Link HTMLElementを継承していること","status":"passed","title":"HTMLElementを継承していること","duration":0.5089000000000397,"failureMessages":[],"meta":{}},{"ancestorTitles":["Link"],"fullName":"Link to属性なしでインスタンス化するとエラーになること","status":"passed","title":"to属性なしでインスタンス化するとエラーになること","duration":7.925300000000107,"failureMessages":[],"meta":{}},{"ancestorTitles":["Link","プロパティ"],"fullName":"Link プロパティ uuidプロパティを持つこと","status":"passed","title":"uuidプロパティを持つこと","duration":3.052099999999882,"failureMessages":[],"meta":{}},{"ancestorTitles":["Link","プロパティ"],"fullName":"Link プロパティ commentNodeプロパティを持つこと","status":"passed","title":"commentNodeプロパティを持つこと","duration":1.1443000000001575,"failureMessages":[],"meta":{}},{"ancestorTitles":["Link","プロパティ"],"fullName":"Link プロパティ routerプロパティでRouterを取得できること","status":"passed","title":"routerプロパティでRouterを取得できること","duration":0.8223000000000411,"failureMessages":[],"meta":{}},{"ancestorTitles":["Link","プロパティ"],"fullName":"Link プロパティ routerが見つからない場合にエラーを投げること","status":"failed","title":"routerが見つからない場合にエラーを投げること","duration":22.73720000000003,"failureMessages":["Error: [wc-router] wc-link is not connected to a router.\n    at Module.raiseError (D:\\git\\wc-router\\wc-router\\packages\\core\\src\\raiseError.ts:3:9)\n    at Link.get router [as router] (D:\\git\\wc-router\\wc-router\\packages\\core\\src\\components\\Link.ts:39:5)\n    at Link.connectedCallback (D:\\git\\wc-router\\wc-router\\packages\\core\\src\\components\\Link.ts:61:24)\n    at CustomElementReactionStack.enqueueReaction (file:///D:/git/wc-router/wc-router/node_modules/happy-dom/src/custom-element/CustomElementReactionStack.ts:52:74)\n    at Link.[connectedToDocument] (file:///D:/git/wc-router/wc-router/node_modules/happy-dom/src/nodes/html-element/HTMLElement.ts:616:74)\n    at Link.[connectedToNode] (file:///D:/git/wc-router/wc-router/node_modules/happy-dom/src/nodes/node/Node.ts:982:44)\n    at Link.[connectedToNode] (file:///D:/git/wc-router/wc-router/node_modules/happy-dom/src/nodes/html-element/HTMLElement.ts:579:40)\n    at HTMLBodyElement.[appendChild] (file:///D:/git/wc-router/wc-router/node_modules/happy-dom/src/nodes/node/Node.ts:520:39)\n    at HTMLBodyElement.[appendChild] (file:///D:/git/wc-router/wc-router/node_modules/happy-dom/src/nodes/element/Element.ts:1294:56)\n    at HTMLBodyElement.appendChild (file:///D:/git/wc-router/wc-router/node_modules/happy-dom/src/nodes/node/Node.ts:380:42)"],"meta":{}},{"ancestorTitles":["Link","connectedCallback"],"fullName":"Link connectedCallback アンカー要素を作成してDOMに追加すること","status":"passed","title":"アンカー要素を作成してDOMに追加すること","duration":2.2987000000000535,"failureMessages":[],"meta":{}},{"ancestorTitles":["Link","connectedCallback"],"fullName":"Link connectedCallback 絶対パスの場合にbasename付きhrefを設定すること","status":"failed","title":"絶対パスの場合にbasename付きhrefを設定すること","duration":8.685000000000173,"failureMessages":["AssertionError: expected '/test' to be '/app/test' // Object.is equality\n    at D:\\git\\wc-router\\wc-router\\packages\\core\\__tests__\\Link.test.ts:115:43\n    at file:///D:/git/wc-router/wc-router/node_modules/@vitest/runner/dist/index.js:146:14\n    at file:///D:/git/wc-router/wc-router/node_modules/@vitest/runner/dist/index.js:533:11\n    at runWithTimeout (file:///D:/git/wc-router/wc-router/node_modules/@vitest/runner/dist/index.js:39:7)\n    at runTest (file:///D:/git/wc-router/wc-router/node_modules/@vitest/runner/dist/index.js:1056:17)\n    at processTicksAndRejections (node:internal/process/task_queues:105:5)\n    at runSuite (file:///D:/git/wc-router/wc-router/node_modules/@vitest/runner/dist/index.js:1205:15)\n    at runSuite (file:///D:/git/wc-router/wc-router/node_modules/@vitest/runner/dist/index.js:1205:15)\n    at runSuite (file:///D:/git/wc-router/wc-router/node_modules/@vitest/runner/dist/index.js:1205:15)\n    at runFiles (file:///D:/git/wc-router/wc-router/node_modules/@vitest/runner/dist/index.js:1262:5)"],"meta":{}},{"ancestorTitles":["Link","connectedCallback"],"fullName":"Link connectedCallback 相対URL（絶対URL）の場合にそのままhrefを設定すること","status":"passed","title":"相対URL（絶対URL）の場合にそのままhrefを設定すること","duration":1.7024000000001251,"failureMessages":[],"meta":{}},{"ancestorTitles":["Link","connectedCallback"],"fullName":"Link connectedCallback 子ノードをアンカー要素に移動すること","status":"failed","title":"子ノードをアンカー要素に移動すること","duration":3.7392999999999574,"failureMessages":["AssertionError: expected undefined to be 'Link Text' // Object.is equality\n    at D:\\git\\wc-router\\wc-router\\packages\\core\\__tests__\\Link.test.ts:147:38\n    at file:///D:/git/wc-router/wc-router/node_modules/@vitest/runner/dist/index.js:146:14\n    at file:///D:/git/wc-router/wc-router/node_modules/@vitest/runner/dist/index.js:533:11\n    at runWithTimeout (file:///D:/git/wc-router/wc-router/node_modules/@vitest/runner/dist/index.js:39:7)\n    at runTest (file:///D:/git/wc-router/wc-router/node_modules/@vitest/runner/dist/index.js:1056:17)\n    at processTicksAndRejections (node:internal/process/task_queues:105:5)\n    at runSuite (file:///D:/git/wc-router/wc-router/node_modules/@vitest/runner/dist/index.js:1205:15)\n    at runSuite (file:///D:/git/wc-router/wc-router/node_modules/@vitest/runner/dist/index.js:1205:15)\n    at runSuite (file:///D:/git/wc-router/wc-router/node_modules/@vitest/runner/dist/index.js:1205:15)\n    at runFiles (file:///D:/git/wc-router/wc-router/node_modules/@vitest/runner/dist/index.js:1262:5)"],"meta":{}},{"ancestorTitles":["Link","connectedCallback"],"fullName":"Link connectedCallback commentNodeの後にアンカーを挿入すること（nextSiblingがある場合）","status":"passed","title":"commentNodeの後にアンカーを挿入すること（nextSiblingがある場合）","duration":2.4658999999999196,"failureMessages":[],"meta":{}},{"ancestorTitles":["Link","connectedCallback"],"fullName":"Link connectedCallback commentNodeの親がない場合にエラーを投げること","status":"failed","title":"commentNodeの親がない場合にエラーを投げること","duration":4.557400000000143,"failureMessages":["AssertionError: expected [Function] to throw an error\n    at Proxy.<anonymous> (file:///D:/git/wc-router/wc-router/node_modules/@vitest/expect/dist/index.js:1509:21)\n    at Proxy.<anonymous> (file:///D:/git/wc-router/wc-router/node_modules/@vitest/expect/dist/index.js:972:17)\n    at Proxy.methodWrapper (file:///D:/git/wc-router/wc-router/node_modules/chai/index.js:1686:25)\n    at D:\\git\\wc-router\\wc-router\\packages\\core\\__tests__\\Link.test.ts:185:10\n    at file:///D:/git/wc-router/wc-router/node_modules/@vitest/runner/dist/index.js:146:14\n    at file:///D:/git/wc-router/wc-router/node_modules/@vitest/runner/dist/index.js:533:11\n    at runWithTimeout (file:///D:/git/wc-router/wc-router/node_modules/@vitest/runner/dist/index.js:39:7)\n    at runTest (file:///D:/git/wc-router/wc-router/node_modules/@vitest/runner/dist/index.js:1056:17)\n    at processTicksAndRejections (node:internal/process/task_queues:105:5)\n    at runSuite (file:///D:/git/wc-router/wc-router/node_modules/@vitest/runner/dist/index.js:1205:15)"],"meta":{}},{"ancestorTitles":["Link","connectedCallback"],"fullName":"Link connectedCallback navigation APIが利用可能な場合にイベントリスナーを登録すること","status":"failed","title":"navigation APIが利用可能な場合にイベントリスナーを登録すること","duration":4.65949999999998,"failureMessages":["TypeError: window.navigation?.removeEventListener is not a function\n    at Link.disconnectedCallback (D:\\git\\wc-router\\wc-router\\packages\\core\\src\\components\\Link.ts:84:33)\n    at CustomElementReactionStack.enqueueReaction (file:///D:/git/wc-router/wc-router/node_modules/happy-dom/src/custom-element/CustomElementReactionStack.ts:73:57)\n    at Link.[disconnectedFromDocument] (file:///D:/git/wc-router/wc-router/node_modules/happy-dom/src/nodes/html-element/HTMLElement.ts:628:74)\n    at Link.[disconnectedFromNode] (file:///D:/git/wc-router/wc-router/node_modules/happy-dom/src/nodes/node/Node.ts:1014:49)\n    at Link.[disconnectedFromNode] (file:///D:/git/wc-router/wc-router/node_modules/happy-dom/src/nodes/html-element/HTMLElement.ts:607:45)\n    at HTMLBodyElement.[removeChild] (file:///D:/git/wc-router/wc-router/node_modules/happy-dom/src/nodes/node/Node.ts:580:44)\n    at HTMLBodyElement.[removeChild] (file:///D:/git/wc-router/wc-router/node_modules/happy-dom/src/nodes/element/Element.ts:1303:56)\n    at HTMLBodyElement.removeChild (file:///D:/git/wc-router/wc-router/node_modules/happy-dom/src/nodes/node/Node.ts:395:42)\n    at Function.replaceWith (file:///D:/git/wc-router/wc-router/node_modules/happy-dom/src/nodes/child-node/ChildNodeUtility.ts:46:10)\n    at Link.replaceWith (file:///D:/git/wc-router/wc-router/node_modules/happy-dom/src/nodes/element/Element.ts:559:20)","TypeError: window.navigation?.removeEventListener is not a function\n    at Router.disconnectedCallback (D:\\git\\wc-router\\wc-router\\packages\\core\\src\\components\\Router.ts:161:42)\n    at CustomElementReactionStack.enqueueReaction (file:///D:/git/wc-router/wc-router/node_modules/happy-dom/src/custom-element/CustomElementReactionStack.ts:73:57)\n    at Router.[disconnectedFromDocument] (file:///D:/git/wc-router/wc-router/node_modules/happy-dom/src/nodes/html-element/HTMLElement.ts:628:74)\n    at Router.[disconnectedFromNode] (file:///D:/git/wc-router/wc-router/node_modules/happy-dom/src/nodes/node/Node.ts:1014:49)\n    at Router.[disconnectedFromNode] (file:///D:/git/wc-router/wc-router/node_modules/happy-dom/src/nodes/html-element/HTMLElement.ts:607:45)\n    at HTMLBodyElement.[removeChild] (file:///D:/git/wc-router/wc-router/node_modules/happy-dom/src/nodes/node/Node.ts:580:44)\n    at HTMLBodyElement.[removeChild] (file:///D:/git/wc-router/wc-router/node_modules/happy-dom/src/nodes/element/Element.ts:1303:56)\n    at HTMLBodyElement.removeChild (file:///D:/git/wc-router/wc-router/node_modules/happy-dom/src/nodes/node/Node.ts:395:42)\n    at HTMLBodyElement.set innerHTML [as innerHTML] (file:///D:/git/wc-router/wc-router/node_modules/happy-dom/src/nodes/element/Element.ts:403:9)\n    at D:\\git\\wc-router\\wc-router\\packages\\core\\__tests__\\Link.test.ts:21:19"],"meta":{}},{"ancestorTitles":["Link","connectedCallback"],"fullName":"Link connectedCallback 現在のパスと一致する場合にactiveクラスを追加すること","status":"failed","title":"現在のパスと一致する場合にactiveクラスを追加すること","duration":6.205799999999954,"failureMessages":["Error: [wc-router] wc-router basename is empty, but current path is not \"/\".\n    at Module.raiseError (D:\\git\\wc-router\\wc-router\\packages\\core\\src\\raiseError.ts:3:9)\n    at new Router (D:\\git\\wc-router\\wc-router\\packages\\core\\src\\components\\Router.ts:30:7)\n    at HTMLDocument.createElementNS (file:///D:/git/wc-router/wc-router/node_modules/happy-dom/src/nodes/document/Document.ts:1083:22)\n    at HTMLDocument.createElement (file:///D:/git/wc-router/wc-router/node_modules/happy-dom/src/nodes/document/Document.ts:977:9)\n    at D:\\git\\wc-router\\wc-router\\packages\\core\\__tests__\\Link.test.ts:214:31\n    at file:///D:/git/wc-router/wc-router/node_modules/@vitest/runner/dist/index.js:146:14\n    at file:///D:/git/wc-router/wc-router/node_modules/@vitest/runner/dist/index.js:533:11\n    at runWithTimeout (file:///D:/git/wc-router/wc-router/node_modules/@vitest/runner/dist/index.js:39:7)\n    at runTest (file:///D:/git/wc-router/wc-router/node_modules/@vitest/runner/dist/index.js:1056:17)\n    at processTicksAndRejections (node:internal/process/task_queues:105:5)"],"meta":{}},{"ancestorTitles":["Link","connectedCallback"],"fullName":"Link connectedCallback 現在のパスと一致しない場合にactiveクラスを追加しないこと","status":"failed","title":"現在のパスと一致しない場合にactiveクラスを追加しないこと","duration":2.4954999999999927,"failureMessages":["TypeError: window.navigation?.removeEventListener is not a function\n    at Link.disconnectedCallback (D:\\git\\wc-router\\wc-router\\packages\\core\\src\\components\\Link.ts:84:33)\n    at CustomElementReactionStack.enqueueReaction (file:///D:/git/wc-router/wc-router/node_modules/happy-dom/src/custom-element/CustomElementReactionStack.ts:73:57)\n    at Link.[disconnectedFromDocument] (file:///D:/git/wc-router/wc-router/node_modules/happy-dom/src/nodes/html-element/HTMLElement.ts:628:74)\n    at Link.[disconnectedFromNode] (file:///D:/git/wc-router/wc-router/node_modules/happy-dom/src/nodes/node/Node.ts:1014:49)\n    at Link.[disconnectedFromNode] (file:///D:/git/wc-router/wc-router/node_modules/happy-dom/src/nodes/html-element/HTMLElement.ts:607:45)\n    at HTMLBodyElement.[removeChild] (file:///D:/git/wc-router/wc-router/node_modules/happy-dom/src/nodes/node/Node.ts:580:44)\n    at HTMLBodyElement.[removeChild] (file:///D:/git/wc-router/wc-router/node_modules/happy-dom/src/nodes/element/Element.ts:1303:56)\n    at HTMLBodyElement.removeChild (file:///D:/git/wc-router/wc-router/node_modules/happy-dom/src/nodes/node/Node.ts:395:42)\n    at Function.replaceWith (file:///D:/git/wc-router/wc-router/node_modules/happy-dom/src/nodes/child-node/ChildNodeUtility.ts:46:10)\n    at Link.replaceWith (file:///D:/git/wc-router/wc-router/node_modules/happy-dom/src/nodes/element/Element.ts:559:20)","TypeError: window.navigation?.removeEventListener is not a function\n    at Router.disconnectedCallback (D:\\git\\wc-router\\wc-router\\packages\\core\\src\\components\\Router.ts:161:42)\n    at CustomElementReactionStack.enqueueReaction (file:///D:/git/wc-router/wc-router/node_modules/happy-dom/src/custom-element/CustomElementReactionStack.ts:73:57)\n    at Router.[disconnectedFromDocument] (file:///D:/git/wc-router/wc-router/node_modules/happy-dom/src/nodes/html-element/HTMLElement.ts:628:74)\n    at Router.[disconnectedFromNode] (file:///D:/git/wc-router/wc-router/node_modules/happy-dom/src/nodes/node/Node.ts:1014:49)\n    at Router.[disconnectedFromNode] (file:///D:/git/wc-router/wc-router/node_modules/happy-dom/src/nodes/html-element/HTMLElement.ts:607:45)\n    at HTMLBodyElement.[removeChild] (file:///D:/git/wc-router/wc-router/node_modules/happy-dom/src/nodes/node/Node.ts:580:44)\n    at HTMLBodyElement.[removeChild] (file:///D:/git/wc-router/wc-router/node_modules/happy-dom/src/nodes/element/Element.ts:1303:56)\n    at HTMLBodyElement.removeChild (file:///D:/git/wc-router/wc-router/node_modules/happy-dom/src/nodes/node/Node.ts:395:42)\n    at HTMLBodyElement.set innerHTML [as innerHTML] (file:///D:/git/wc-router/wc-router/node_modules/happy-dom/src/nodes/element/Element.ts:403:9)\n    at D:\\git\\wc-router\\wc-router\\packages\\core\\__tests__\\Link.test.ts:21:19"],"meta":{}},{"ancestorTitles":["Link","disconnectedCallback"],"fullName":"Link disconnectedCallback アンカー要素を削除すること","status":"failed","title":"アンカー要素を削除すること","duration":2.3736999999998716,"failureMessages":["TypeError: window.navigation?.removeEventListener is not a function\n    at Link.disconnectedCallback (D:\\git\\wc-router\\wc-router\\packages\\core\\src\\components\\Link.ts:84:33)\n    at CustomElementReactionStack.enqueueReaction (file:///D:/git/wc-router/wc-router/node_modules/happy-dom/src/custom-element/CustomElementReactionStack.ts:73:57)\n    at Link.[disconnectedFromDocument] (file:///D:/git/wc-router/wc-router/node_modules/happy-dom/src/nodes/html-element/HTMLElement.ts:628:74)\n    at Link.[disconnectedFromNode] (file:///D:/git/wc-router/wc-router/node_modules/happy-dom/src/nodes/node/Node.ts:1014:49)\n    at Link.[disconnectedFromNode] (file:///D:/git/wc-router/wc-router/node_modules/happy-dom/src/nodes/html-element/HTMLElement.ts:607:45)\n    at HTMLBodyElement.[removeChild] (file:///D:/git/wc-router/wc-router/node_modules/happy-dom/src/nodes/node/Node.ts:580:44)\n    at HTMLBodyElement.[removeChild] (file:///D:/git/wc-router/wc-router/node_modules/happy-dom/src/nodes/element/Element.ts:1303:56)\n    at HTMLBodyElement.removeChild (file:///D:/git/wc-router/wc-router/node_modules/happy-dom/src/nodes/node/Node.ts:395:42)\n    at Function.replaceWith (file:///D:/git/wc-router/wc-router/node_modules/happy-dom/src/nodes/child-node/ChildNodeUtility.ts:46:10)\n    at Link.replaceWith (file:///D:/git/wc-router/wc-router/node_modules/happy-dom/src/nodes/element/Element.ts:559:20)","TypeError: window.navigation?.removeEventListener is not a function\n    at Router.disconnectedCallback (D:\\git\\wc-router\\wc-router\\packages\\core\\src\\components\\Router.ts:161:42)\n    at CustomElementReactionStack.enqueueReaction (file:///D:/git/wc-router/wc-router/node_modules/happy-dom/src/custom-element/CustomElementReactionStack.ts:73:57)\n    at Router.[disconnectedFromDocument] (file:///D:/git/wc-router/wc-router/node_modules/happy-dom/src/nodes/html-element/HTMLElement.ts:628:74)\n    at Router.[disconnectedFromNode] (file:///D:/git/wc-router/wc-router/node_modules/happy-dom/src/nodes/node/Node.ts:1014:49)\n    at Router.[disconnectedFromNode] (file:///D:/git/wc-router/wc-router/node_modules/happy-dom/src/nodes/html-element/HTMLElement.ts:607:45)\n    at HTMLBodyElement.[removeChild] (file:///D:/git/wc-router/wc-router/node_modules/happy-dom/src/nodes/node/Node.ts:580:44)\n    at HTMLBodyElement.[removeChild] (file:///D:/git/wc-router/wc-router/node_modules/happy-dom/src/nodes/element/Element.ts:1303:56)\n    at HTMLBodyElement.removeChild (file:///D:/git/wc-router/wc-router/node_modules/happy-dom/src/nodes/node/Node.ts:395:42)\n    at HTMLBodyElement.set innerHTML [as innerHTML] (file:///D:/git/wc-router/wc-router/node_modules/happy-dom/src/nodes/element/Element.ts:403:9)\n    at D:\\git\\wc-router\\wc-router\\packages\\core\\__tests__\\Link.test.ts:21:19"],"meta":{}},{"ancestorTitles":["Link","disconnectedCallback"],"fullName":"Link disconnectedCallback navigation APIが利用可能な場合にイベントリスナーを削除すること","status":"passed","title":"navigation APIが利用可能な場合にイベントリスナーを削除すること","duration":4.9074999999998,"failureMessages":[],"meta":{}},{"ancestorTitles":["Link","disconnectedCallback"],"fullName":"Link disconnectedCallback 子ノードを親から削除すること","status":"failed","title":"子ノードを親から削除すること","duration":2.2558000000001357,"failureMessages":["TypeError: Cannot read properties of null (reading 'parentNode')\n    at D:\\git\\wc-router\\wc-router\\packages\\core\\__tests__\\Link.test.ts:305:24\n    at file:///D:/git/wc-router/wc-router/node_modules/@vitest/runner/dist/index.js:146:14\n    at file:///D:/git/wc-router/wc-router/node_modules/@vitest/runner/dist/index.js:533:11\n    at runWithTimeout (file:///D:/git/wc-router/wc-router/node_modules/@vitest/runner/dist/index.js:39:7)\n    at runTest (file:///D:/git/wc-router/wc-router/node_modules/@vitest/runner/dist/index.js:1056:17)\n    at processTicksAndRejections (node:internal/process/task_queues:105:5)\n    at runSuite (file:///D:/git/wc-router/wc-router/node_modules/@vitest/runner/dist/index.js:1205:15)\n    at runSuite (file:///D:/git/wc-router/wc-router/node_modules/@vitest/runner/dist/index.js:1205:15)\n    at runSuite (file:///D:/git/wc-router/wc-router/node_modules/@vitest/runner/dist/index.js:1205:15)\n    at runFiles (file:///D:/git/wc-router/wc-router/node_modules/@vitest/runner/dist/index.js:1262:5)"],"meta":{}},{"ancestorTitles":["Link","_updateActiveState"],"fullName":"Link _updateActiveState パスが一致する場合にactiveクラスを追加すること","status":"passed","title":"パスが一致する場合にactiveクラスを追加すること","duration":1.1847000000000207,"failureMessages":[],"meta":{}},{"ancestorTitles":["Link","_updateActiveState"],"fullName":"Link _updateActiveState パスが一致しなくなった場合にactiveクラスを削除すること","status":"failed","title":"パスが一致しなくなった場合にactiveクラスを削除すること","duration":1.0363999999999578,"failureMessages":["Error: [wc-router] wc-router basename is empty, but current path is not \"/\".\n    at Module.raiseError (D:\\git\\wc-router\\wc-router\\packages\\core\\src\\raiseError.ts:3:9)\n    at new Router (D:\\git\\wc-router\\wc-router\\packages\\core\\src\\components\\Router.ts:30:7)\n    at HTMLDocument.createElementNS (file:///D:/git/wc-router/wc-router/node_modules/happy-dom/src/nodes/document/Document.ts:1083:22)\n    at HTMLDocument.createElement (file:///D:/git/wc-router/wc-router/node_modules/happy-dom/src/nodes/document/Document.ts:977:9)\n    at D:\\git\\wc-router\\wc-router\\packages\\core\\__tests__\\Link.test.ts:336:31\n    at file:///D:/git/wc-router/wc-router/node_modules/@vitest/runner/dist/index.js:146:14\n    at file:///D:/git/wc-router/wc-router/node_modules/@vitest/runner/dist/index.js:533:11\n    at runWithTimeout (file:///D:/git/wc-router/wc-router/node_modules/@vitest/runner/dist/index.js:39:7)\n    at runTest (file:///D:/git/wc-router/wc-router/node_modules/@vitest/runner/dist/index.js:1056:17)\n    at processTicksAndRejections (node:internal/process/task_queues:105:5)"],"meta":{}}],"startTime":1768536677266,"endTime":1768536677355.0364,"status":"failed","message":"","name":"D:/git/wc-router/wc-router/packages/core/__tests__/Link.test.ts"},{"assertionResults":[{"ancestorTitles":["matchRoutes"],"fullName":"matchRoutes matchRoutes関数が存在すること","status":"passed","title":"matchRoutes関数が存在すること","duration":3.3169000000000324,"failureMessages":[],"meta":{}},{"ancestorTitles":["matchRoutes"],"fullName":"matchRoutes ルートが存在しない場合、nullを返すこと","status":"passed","title":"ルートが存在しない場合、nullを返すこと","duration":2.8390999999999167,"failureMessages":[],"meta":{}},{"ancestorTitles":["matchRoutes"],"fullName":"matchRoutes マッチするルートがない場合、nullを返すこと","status":"passed","title":"マッチするルートがない場合、nullを返すこと","duration":0.5797999999999774,"failureMessages":[],"meta":{}},{"ancestorTitles":["matchRoutes"],"fullName":"matchRoutes 単一のルートがマッチする場合、結果を返すこと","status":"passed","title":"単一のルートがマッチする場合、結果を返すこと","duration":4.1918000000000575,"failureMessages":[],"meta":{}},{"ancestorTitles":["matchRoutes"],"fullName":"matchRoutes 複数のルートから正しいルートを選択すること","status":"passed","title":"複数のルートから正しいルートを選択すること","duration":1.8512000000000626,"failureMessages":[],"meta":{}},{"ancestorTitles":["matchRoutes"],"fullName":"matchRoutes ネストされたルートをマッチできること","status":"passed","title":"ネストされたルートをマッチできること","duration":0.9438999999999851,"failureMessages":[],"meta":{}},{"ancestorTitles":["matchRoutes"],"fullName":"matchRoutes 重み付けによってルートを選択すること","status":"passed","title":"重み付けによってルートを選択すること","duration":0.810399999999845,"failureMessages":[],"meta":{}},{"ancestorTitles":["matchRoutes"],"fullName":"matchRoutes 複数のマッチ候補から最適なものを選択すること","status":"passed","title":"複数のマッチ候補から最適なものを選択すること","duration":0.86850000000004,"failureMessages":[],"meta":{}},{"ancestorTitles":["matchRoutes"],"fullName":"matchRoutes childIndexでルートをソートすること","status":"passed","title":"childIndexでルートをソートすること","duration":0.6898000000001048,"failureMessages":[],"meta":{}}],"startTime":1768536677271,"endTime":1768536677287.6897,"status":"passed","message":"","name":"D:/git/wc-router/wc-router/packages/core/__tests__/matchRoutes.test.ts"},{"assertionResults":[{"ancestorTitles":["Outlet"],"fullName":"Outlet Outletクラスが存在すること","status":"passed","title":"Outletクラスが存在すること","duration":1.245200000000068,"failureMessages":[],"meta":{}},{"ancestorTitles":["Outlet"],"fullName":"Outlet HTMLElementを継承していること","status":"passed","title":"HTMLElementを継承していること","duration":0.1533999999999196,"failureMessages":[],"meta":{}},{"ancestorTitles":["Outlet"],"fullName":"Outlet インスタンスを作成できること","status":"passed","title":"インスタンスを作成できること","duration":0.5183999999999287,"failureMessages":[],"meta":{}}],"startTime":1768536677236,"endTime":1768536677237.5183,"status":"passed","message":"","name":"D:/git/wc-router/wc-router/packages/core/__tests__/Outlet.test.ts"},{"assertionResults":[{"ancestorTitles":["parse"],"fullName":"parse parse関数が存在すること","status":"passed","title":"parse関数が存在すること","duration":2.7933999999997923,"failureMessages":[],"meta":{}},{"ancestorTitles":["parse"],"fullName":"parse 空のテンプレートをパースできること","status":"passed","title":"空のテンプレートをパースできること","duration":5.642800000000079,"failureMessages":[],"meta":{}},{"ancestorTitles":["parse"],"fullName":"parse 通常のHTMLノードをパースできること","status":"passed","title":"通常のHTMLノードをパースできること","duration":4.483600000000024,"failureMessages":[],"meta":{}},{"ancestorTitles":["parse"],"fullName":"parse テキストノードをパースできること","status":"passed","title":"テキストノードをパースできること","duration":1.047800000000052,"failureMessages":[],"meta":{}},{"ancestorTitles":["parse"],"fullName":"parse wc-layoutをパースしてlayout-outletに置き換えること","status":"passed","title":"wc-layoutをパースしてlayout-outletに置き換えること","duration":3.296300000000201,"failureMessages":[],"meta":{}},{"ancestorTitles":["parse"],"fullName":"parse wc-layoutの子要素を正しく処理すること","status":"passed","title":"wc-layoutの子要素を正しく処理すること","duration":2.502999999999929,"failureMessages":[],"meta":{}},{"ancestorTitles":["parse"],"fullName":"parse 複数のwc-layoutを同時にパースできること","status":"passed","title":"複数のwc-layoutを同時にパースできること","duration":2.755200000000059,"failureMessages":[],"meta":{}},{"ancestorTitles":["parse"],"fullName":"parse 通常の要素とwc-layoutが混在する場合に正しくパースすること","status":"passed","title":"通常の要素とwc-layoutが混在する場合に正しくパースすること","duration":2.733500000000049,"failureMessages":[],"meta":{}},{"ancestorTitles":["parse"],"fullName":"parse 深くネストされた構造をパースできること","status":"passed","title":"深くネストされた構造をパースできること","duration":3.2737999999999374,"failureMessages":[],"meta":{}},{"ancestorTitles":["parse"],"fullName":"parse コメントノード以外の非要素ノードを保持すること","status":"passed","title":"コメントノード以外の非要素ノードを保持すること","duration":1.8269000000000233,"failureMessages":[],"meta":{}},{"ancestorTitles":["parse"],"fullName":"parse 複数の異なるノードタイプを含むテンプレートをパースできること","status":"passed","title":"複数の異なるノードタイプを含むテンプレートをパースできること","duration":2.032699999999977,"failureMessages":[],"meta":{}}],"startTime":1768536677278,"endTime":1768536677311.0327,"status":"passed","message":"","name":"D:/git/wc-router/wc-router/packages/core/__tests__/parse.test.ts"},{"assertionResults":[{"ancestorTitles":["raiseError"],"fullName":"raiseError エラーをthrowすること","status":"passed","title":"エラーをthrowすること","duration":2.3695000000000164,"failureMessages":[],"meta":{}},{"ancestorTitles":["raiseError"],"fullName":"raiseError カスタムメッセージを含むエラーをthrowすること","status":"passed","title":"カスタムメッセージを含むエラーをthrowすること","duration":0.3087000000000444,"failureMessages":[],"meta":{}}],"startTime":1768536677171,"endTime":1768536677174.3086,"status":"passed","message":"","name":"D:/git/wc-router/wc-router/packages/core/__tests__/raiseError.test.ts"},{"assertionResults":[{"ancestorTitles":["registerComponents"],"fullName":"registerComponents registerComponents関数が存在すること","status":"passed","title":"registerComponents関数が存在すること","duration":3.995400000000018,"failureMessages":[],"meta":{}},{"ancestorTitles":["registerComponents"],"fullName":"registerComponents registerComponents関数を呼び出してカスタム要素を登録できること","status":"passed","title":"registerComponents関数を呼び出してカスタム要素を登録できること","duration":1.7520999999999276,"failureMessages":[],"meta":{}},{"ancestorTitles":["registerComponents"],"fullName":"registerComponents 登録されたカスタム要素が正しいクラスであること","status":"passed","title":"登録されたカスタム要素が正しいクラスであること","duration":0.4963000000000193,"failureMessages":[],"meta":{}},{"ancestorTitles":["registerComponents"],"fullName":"registerComponents registerComponents関数を複数回呼び出してもエラーが発生しないこと","status":"passed","title":"registerComponents関数を複数回呼び出してもエラーが発生しないこと","duration":2.1077999999999975,"failureMessages":[],"meta":{}},{"ancestorTitles":["registerComponents"],"fullName":"registerComponents 登録後に一部のカスタム要素をDOM内で使用できること","status":"passed","title":"登録後に一部のカスタム要素をDOM内で使用できること","duration":4.504000000000133,"failureMessages":[],"meta":{}},{"ancestorTitles":["registerComponents"],"fullName":"registerComponents config.tagNamesで定義された名前でカスタム要素が登録されていること","status":"passed","title":"config.tagNamesで定義された名前でカスタム要素が登録されていること","duration":0.6023000000000138,"failureMessages":[],"meta":{}},{"ancestorTitles":["registerComponents"],"fullName":"registerComponents registerComponentsの内部ロジックをテストすること","status":"passed","title":"registerComponentsの内部ロジックをテストすること","duration":0.24340000000006512,"failureMessages":[],"meta":{}}],"startTime":1768536677227,"endTime":1768536677241.2434,"status":"passed","message":"","name":"D:/git/wc-router/wc-router/packages/core/__tests__/registerComponents.test.ts"},{"assertionResults":[{"ancestorTitles":["Route"],"fullName":"Route Routeクラスが存在すること","status":"passed","title":"Routeクラスが存在すること","duration":1.903400000000147,"failureMessages":[],"meta":{}},{"ancestorTitles":["Route"],"fullName":"Route HTMLElementを継承していること","status":"passed","title":"HTMLElementを継承していること","duration":0.28929999999991196,"failureMessages":[],"meta":{}},{"ancestorTitles":["Route"],"fullName":"Route pathもindexも指定されていない場合、エラーになること","status":"passed","title":"pathもindexも指定されていない場合、エラーになること","duration":2.4084000000000287,"failureMessages":[],"meta":{}}],"startTime":1768536677267,"endTime":1768536677271.4084,"status":"passed","message":"","name":"D:/git/wc-router/wc-router/packages/core/__tests__/Route.test.ts"},{"assertionResults":[{"ancestorTitles":["Router"],"fullName":"Router Routerクラスが存在すること","status":"passed","title":"Routerクラスが存在すること","duration":3.1732999999999265,"failureMessages":[],"meta":{}},{"ancestorTitles":["Router"],"fullName":"Router HTMLElementを継承していること","status":"passed","title":"HTMLElementを継承していること","duration":0.5178999999998268,"failureMessages":[],"meta":{}},{"ancestorTitles":["Router"],"fullName":"Router インスタンスを作成できること","status":"passed","title":"インスタンスを作成できること","duration":2.8672999999998865,"failureMessages":[],"meta":{}},{"ancestorTitles":["Router"],"fullName":"Router シングルトンパターンであること","status":"passed","title":"シングルトンパターンであること","duration":1.9972000000000207,"failureMessages":[],"meta":{}},{"ancestorTitles":["Router"],"fullName":"Router 静的なinstanceプロパティでインスタンスにアクセスできること","status":"passed","title":"静的なinstanceプロパティでインスタンスにアクセスできること","duration":0.45410000000015316,"failureMessages":[],"meta":{}},{"ancestorTitles":["Router"],"fullName":"Router インスタンス化前にinstanceにアクセスするとエラーになること","status":"passed","title":"インスタンス化前にinstanceにアクセスするとエラーになること","duration":0.3997999999999138,"failureMessages":[],"meta":{}},{"ancestorTitles":["Router"],"fullName":"Router basenameプロパティを持つこと","status":"passed","title":"basenameプロパティを持つこと","duration":0.45080000000007203,"failureMessages":[],"meta":{}},{"ancestorTitles":["Router"],"fullName":"Router navigate静的メソッドを持つこと","status":"passed","title":"navigate静的メソッドを持つこと","duration":0.2496000000001004,"failureMessages":[],"meta":{}}],"startTime":1768536677273,"endTime":1768536677283.4507,"status":"passed","message":"","name":"D:/git/wc-router/wc-router/packages/core/__tests__/Router.test.ts"},{"assertionResults":[{"ancestorTitles":["showRouteContent"],"fullName":"showRouteContent showRouteContent関数が存在すること","status":"passed","title":"showRouteContent関数が存在すること","duration":3.269599999999855,"failureMessages":[],"meta":{}},{"ancestorTitles":["showRouteContent"],"fullName":"showRouteContent 前のルートを非表示にすること","status":"passed","title":"前のルートを非表示にすること","duration":6.407699999999977,"failureMessages":[],"meta":{}},{"ancestorTitles":["showRouteContent"],"fullName":"showRouteContent すべてのルートに対してガードチェックを実行すること","status":"passed","title":"すべてのルートに対してガードチェックを実行すること","duration":4.488900000000058,"failureMessages":[],"meta":{}},{"ancestorTitles":["showRouteContent"],"fullName":"showRouteContent ガードキャンセル時にフォールバックパスへナビゲートすること","status":"passed","title":"ガードキャンセル時にフォールバックパスへナビゲートすること","duration":4.073899999999867,"failureMessages":[],"meta":{}},{"ancestorTitles":["showRouteContent"],"fullName":"showRouteContent ガード以外のエラーは再スローすること","status":"passed","title":"ガード以外のエラーは再スローすること","duration":3.2029999999999745,"failureMessages":[],"meta":{}},{"ancestorTitles":["showRouteContent"],"fullName":"showRouteContent 新しいルートを表示すること","status":"passed","title":"新しいルートを表示すること","duration":1.4799000000000433,"failureMessages":[],"meta":{}},{"ancestorTitles":["showRouteContent"],"fullName":"showRouteContent shouldChangeがtrueの場合にルートを表示すること","status":"passed","title":"shouldChangeがtrueの場合にルートを表示すること","duration":1.2755999999999403,"failureMessages":[],"meta":{}},{"ancestorTitles":["showRouteContent"],"fullName":"showRouteContent shouldChangeがfalseでforce=falseの場合はshowを呼ばないこと","status":"passed","title":"shouldChangeがfalseでforce=falseの場合はshowを呼ばないこと","duration":1.0593999999998687,"failureMessages":[],"meta":{}},{"ancestorTitles":["showRouteContent"],"fullName":"showRouteContent showがtrueを返した場合に後続のルートを強制的に表示すること","status":"passed","title":"showがtrueを返した場合に後続のルートを強制的に表示すること","duration":1.1518000000000939,"failureMessages":[],"meta":{}},{"ancestorTitles":["showRouteContent"],"fullName":"showRouteContent 複数のルートで前のルートセットを正しく処理すること","status":"passed","title":"複数のルートで前のルートセットを正しく処理すること","duration":1.5797000000000025,"failureMessages":[],"meta":{}},{"ancestorTitles":["showRouteContent"],"fullName":"showRouteContent 空のルート配列を処理できること","status":"passed","title":"空のルート配列を処理できること","duration":1.2218000000000302,"failureMessages":[],"meta":{}},{"ancestorTitles":["showRouteContent"],"fullName":"showRouteContent 前のルートがないケースを処理できること","status":"passed","title":"前のルートがないケースを処理できること","duration":0.9834000000000742,"failureMessages":[],"meta":{}}],"startTime":1768536677271,"endTime":1768536677301.9834,"status":"passed","message":"","name":"D:/git/wc-router/wc-router/packages/core/__tests__/showRouteContent.test.ts"}]}